2024-10-29 11:55:52,135 INFO o.a.j.u.JMeterUtils: Setting Locale to en_US
2024-10-29 11:55:52,168 INFO o.a.j.JMeter: Loading user properties from: user.properties
2024-10-29 11:55:52,168 INFO o.a.j.JMeter: Loading system properties from: system.properties
2024-10-29 11:55:52,184 INFO o.a.j.JMeter: Copyright (c) 1998-2024 The Apache Software Foundation
2024-10-29 11:55:52,184 INFO o.a.j.JMeter: Version 5.6.3
2024-10-29 11:55:52,184 INFO o.a.j.JMeter: java.version=23.0.1
2024-10-29 11:55:52,184 INFO o.a.j.JMeter: java.vm.name=Java HotSpot(TM) 64-Bit Server VM
2024-10-29 11:55:52,184 INFO o.a.j.JMeter: os.name=Windows 11
2024-10-29 11:55:52,184 INFO o.a.j.JMeter: os.arch=amd64
2024-10-29 11:55:52,184 INFO o.a.j.JMeter: os.version=10.0
2024-10-29 11:55:52,184 INFO o.a.j.JMeter: file.encoding=UTF-8
2024-10-29 11:55:52,184 INFO o.a.j.JMeter: java.awt.headless=null
2024-10-29 11:55:52,184 INFO o.a.j.JMeter: Max memory     =4213178368
2024-10-29 11:55:52,184 INFO o.a.j.JMeter: Available Processors =20
2024-10-29 11:55:52,199 INFO o.a.j.JMeter: Default Locale=English (United States)
2024-10-29 11:55:52,199 INFO o.a.j.JMeter: JMeter  Locale=English (United States)
2024-10-29 11:55:52,199 INFO o.a.j.JMeter: JMeterHome=C:\Program Files\apache-jmeter-5.6.3
2024-10-29 11:55:52,199 INFO o.a.j.JMeter: user.dir  =C:\Program Files\apache-jmeter-5.6.3\bin
2024-10-29 11:55:52,199 INFO o.a.j.JMeter: PWD       =C:\Program Files\apache-jmeter-5.6.3\bin
2024-10-29 11:55:52,199 INFO o.a.j.JMeter: IP: 192.168.29.128 Name: INM02135 FullName: INM02135.user.adxrt.com
2024-10-29 11:55:52,231 INFO o.a.j.JMeter: Loaded icon properties from org/apache/jmeter/images/icon.properties
2024-10-29 11:55:52,508 INFO o.a.j.JMeterGuiLauncher: Setting LAF to: com.github.weisj.darklaf.DarkLaf:com.github.weisj.darklaf.theme.DarculaTheme
2024-10-29 11:58:02,451 INFO o.a.j.s.FileServer: Default base='C:\Program Files\apache-jmeter-5.6.3\bin'
2024-10-29 11:58:02,451 INFO o.a.j.g.a.Load: Loading file: C:\Program Files\apache-jmeter-5.6.3\bin\Opscore Thread Group.jmx
2024-10-29 11:58:02,451 INFO o.a.j.s.FileServer: Set new base='C:\Program Files\apache-jmeter-5.6.3\bin'
2024-10-29 11:58:02,734 INFO o.a.j.s.SaveService: Testplan (JMX) version: 2.2. Testlog (JTL) version: 2.2
2024-10-29 11:58:02,781 INFO o.a.j.s.SaveService: Using SaveService properties version 5.0
2024-10-29 11:58:02,781 INFO o.a.j.s.SaveService: Using SaveService properties file encoding UTF-8
2024-10-29 11:58:02,781 INFO o.a.j.s.SaveService: Loading file: C:\Program Files\apache-jmeter-5.6.3\bin\Opscore Thread Group.jmx
2024-10-29 11:58:03,583 INFO o.a.j.e.KeyToolUtils: keytool found at 'keytool'
2024-10-29 11:58:03,583 INFO o.a.j.p.h.p.ProxyControl: HTTP(S) Test Script Recorder SSL Proxy will use keys that support embedded 3rd party resources in file C:\Program Files\apache-jmeter-5.6.3\bin\proxyserver.jks
2024-10-29 11:58:03,600 INFO o.a.j.p.h.s.HTTPSamplerBase: Parser for text/html is org.apache.jmeter.protocol.http.parser.LagartoBasedHtmlParser
2024-10-29 11:58:03,600 INFO o.a.j.p.h.s.HTTPSamplerBase: Parser for application/xhtml+xml is org.apache.jmeter.protocol.http.parser.LagartoBasedHtmlParser
2024-10-29 11:58:03,600 INFO o.a.j.p.h.s.HTTPSamplerBase: Parser for application/xml is org.apache.jmeter.protocol.http.parser.LagartoBasedHtmlParser
2024-10-29 11:58:03,600 INFO o.a.j.p.h.s.HTTPSamplerBase: Parser for text/xml is org.apache.jmeter.protocol.http.parser.LagartoBasedHtmlParser
2024-10-29 11:58:03,600 INFO o.a.j.p.h.s.HTTPSamplerBase: Parser for text/vnd.wap.wml is org.apache.jmeter.protocol.http.parser.RegexpHTMLParser
2024-10-29 11:58:03,600 INFO o.a.j.p.h.s.HTTPSamplerBase: Parser for text/css is org.apache.jmeter.protocol.http.parser.CssParser
2024-10-29 11:58:03,959 INFO o.a.j.s.SampleResult: Note: Sample TimeStamps are START times
2024-10-29 11:58:03,959 INFO o.a.j.s.SampleResult: sampleresult.default.encoding is set to UTF-8
2024-10-29 11:58:03,959 INFO o.a.j.s.SampleResult: sampleresult.useNanoTime=true
2024-10-29 11:58:03,959 INFO o.a.j.s.SampleResult: sampleresult.nanoThreadSleep=5000
2024-10-29 11:58:04,410 INFO o.a.j.s.FileServer: Set new base='C:\Program Files\apache-jmeter-5.6.3\bin'
2024-10-29 12:06:48,797 INFO o.a.j.e.StandardJMeterEngine: Running the test!
2024-10-29 12:06:48,797 INFO o.a.j.s.SampleEvent: List of sample_variables: []
2024-10-29 12:06:48,797 INFO o.a.j.s.SampleEvent: List of sample_variables: []
2024-10-29 12:06:48,797 INFO o.a.j.e.u.CompoundVariable: Note: Function class names must contain the string: '.functions.'
2024-10-29 12:06:48,797 INFO o.a.j.e.u.CompoundVariable: Note: Function class names must not contain the string: '.gui.'
2024-10-29 12:06:48,938 INFO o.a.j.g.u.JMeterMenuBar: setRunning(true, *local*)
2024-10-29 12:06:48,979 INFO o.a.j.e.StandardJMeterEngine: Starting ThreadGroup: 1 : API_Test
2024-10-29 12:06:48,979 INFO o.a.j.e.StandardJMeterEngine: Starting 1 threads for group API_Test.
2024-10-29 12:06:48,979 INFO o.a.j.e.StandardJMeterEngine: Thread will continue on error
2024-10-29 12:06:48,979 INFO o.a.j.t.ThreadGroup: Starting thread group... number=1 threads=1 ramp-up=0 delayedStart=false
2024-10-29 12:06:48,985 INFO o.a.j.t.ThreadGroup: Started thread group number 1
2024-10-29 12:06:48,985 INFO o.a.j.e.StandardJMeterEngine: Starting ThreadGroup: 2 : Opscore Thread Group
2024-10-29 12:06:48,985 INFO o.a.j.e.StandardJMeterEngine: Starting 1 threads for group Opscore Thread Group.
2024-10-29 12:06:48,985 INFO o.a.j.e.StandardJMeterEngine: Thread will continue on error
2024-10-29 12:06:48,985 INFO o.a.j.t.ThreadGroup: Starting thread group... number=2 threads=1 ramp-up=0 delayedStart=false
2024-10-29 12:06:48,985 INFO o.a.j.t.ThreadGroup: Started thread group number 2
2024-10-29 12:06:48,985 INFO o.a.j.e.StandardJMeterEngine: Starting ThreadGroup: 3 : Simulate Flight
2024-10-29 12:06:48,985 INFO o.a.j.e.StandardJMeterEngine: Starting 30 threads for group Simulate Flight.
2024-10-29 12:06:48,985 INFO o.a.j.e.StandardJMeterEngine: Thread will continue on error
2024-10-29 12:06:48,990 INFO o.a.j.t.ThreadGroup: Starting thread group... number=3 threads=30 ramp-up=0 delayedStart=false
2024-10-29 12:06:48,991 INFO o.a.j.t.JMeterThread: Thread started: Opscore Thread Group 2-1
2024-10-29 12:06:48,991 INFO o.a.j.t.JMeterThread: Thread started: API_Test 1-1
2024-10-29 12:06:48,991 INFO o.a.j.t.JMeterThread: Thread started: Simulate Flight 3-1
2024-10-29 12:06:48,991 INFO o.a.j.t.JMeterThread: Thread started: Simulate Flight 3-2
2024-10-29 12:06:48,992 INFO o.a.j.t.JMeterThread: Thread started: Simulate Flight 3-3
2024-10-29 12:06:48,992 INFO o.a.j.t.JMeterThread: Thread started: Simulate Flight 3-4
2024-10-29 12:06:48,992 INFO o.a.j.t.JMeterThread: Thread started: Simulate Flight 3-5
2024-10-29 12:06:48,993 INFO o.a.j.t.JMeterThread: Thread started: Simulate Flight 3-6
2024-10-29 12:06:48,993 INFO o.a.j.t.JMeterThread: Thread started: Simulate Flight 3-7
2024-10-29 12:06:48,993 INFO o.a.j.t.JMeterThread: Thread started: Simulate Flight 3-8
2024-10-29 12:06:48,994 INFO o.a.j.t.JMeterThread: Thread started: Simulate Flight 3-9
2024-10-29 12:06:48,994 INFO o.a.j.t.JMeterThread: Thread started: Simulate Flight 3-10
2024-10-29 12:06:48,996 INFO o.a.j.t.JMeterThread: Thread started: Simulate Flight 3-11
2024-10-29 12:06:48,996 INFO o.a.j.t.JMeterThread: Thread started: Simulate Flight 3-12
2024-10-29 12:06:48,996 INFO o.a.j.t.JMeterThread: Thread started: Simulate Flight 3-13
2024-10-29 12:06:48,998 INFO o.a.j.t.JMeterThread: Thread started: Simulate Flight 3-16
2024-10-29 12:06:48,998 INFO o.a.j.t.JMeterThread: Thread started: Simulate Flight 3-15
2024-10-29 12:06:48,998 INFO o.a.j.t.JMeterThread: Thread started: Simulate Flight 3-14
2024-10-29 12:06:48,998 INFO o.a.j.t.JMeterThread: Thread started: Simulate Flight 3-18
2024-10-29 12:06:49,000 INFO o.a.j.t.JMeterThread: Thread started: Simulate Flight 3-17
2024-10-29 12:06:49,000 INFO o.a.j.t.JMeterThread: Thread started: Simulate Flight 3-19
2024-10-29 12:06:49,001 INFO o.a.j.t.JMeterThread: Thread started: Simulate Flight 3-20
2024-10-29 12:06:49,003 INFO o.a.j.t.JMeterThread: Thread started: Simulate Flight 3-21
2024-10-29 12:06:49,003 INFO o.a.j.t.JMeterThread: Thread started: Simulate Flight 3-22
2024-10-29 12:06:49,005 INFO o.a.j.t.JMeterThread: Thread started: Simulate Flight 3-23
2024-10-29 12:06:49,005 INFO o.a.j.t.JMeterThread: Thread started: Simulate Flight 3-24
2024-10-29 12:06:49,006 INFO o.a.j.t.JMeterThread: Thread started: Simulate Flight 3-25
2024-10-29 12:06:49,006 INFO o.a.j.t.JMeterThread: Thread started: Simulate Flight 3-26
2024-10-29 12:06:49,007 INFO o.a.j.t.JMeterThread: Thread started: Simulate Flight 3-27
2024-10-29 12:06:49,007 INFO o.a.j.t.JMeterThread: Thread started: Simulate Flight 3-28
2024-10-29 12:06:49,007 INFO o.a.j.t.JMeterThread: Thread started: Simulate Flight 3-29
2024-10-29 12:06:49,008 INFO o.a.j.t.ThreadGroup: Started thread group number 3
2024-10-29 12:06:49,008 INFO o.a.j.e.StandardJMeterEngine: Starting ThreadGroup: 4 : Thread Group
2024-10-29 12:06:49,008 INFO o.a.j.e.StandardJMeterEngine: Starting 1 threads for group Thread Group.
2024-10-29 12:06:49,008 INFO o.a.j.e.StandardJMeterEngine: Thread will continue on error
2024-10-29 12:06:49,008 INFO o.a.j.t.JMeterThread: Thread started: Simulate Flight 3-30
2024-10-29 12:06:49,008 INFO o.a.j.t.ThreadGroup: Starting thread group... number=4 threads=1 ramp-up=1 delayedStart=false
2024-10-29 12:06:49,009 INFO o.a.j.t.ThreadGroup: Started thread group number 4
2024-10-29 12:06:49,009 INFO o.a.j.e.StandardJMeterEngine: All thread groups have been started
2024-10-29 12:06:49,018 INFO o.a.j.t.JMeterThread: Thread started: Thread Group 4-1
2024-10-29 12:06:49,018 INFO o.a.j.s.FileServer: Stored: C:/Users/E40093330/Downloads/Book1.csv
2024-10-29 12:06:49,018 INFO o.a.j.p.h.s.HTTPHCAbstractImpl: Local host = INM02135
2024-10-29 12:06:49,049 INFO o.a.j.p.h.s.HTTPHC4Impl: HTTP request retry count = 0
2024-10-29 12:06:49,432 INFO o.a.j.p.h.s.h.LazyLayeredConnectionSocketFactory: Setting up HTTPS TrustAll Socket Factory
2024-10-29 12:06:49,432 INFO o.a.j.u.JsseSSLManager: Using default SSL protocol: TLS
2024-10-29 12:06:49,432 INFO o.a.j.u.JsseSSLManager: SSL session context: per-thread
2024-10-29 12:06:49,706 INFO o.a.j.u.SSLManager: JmeterKeyStore Location:  type JKS
2024-10-29 12:06:49,706 INFO o.a.j.u.SSLManager: KeyStore created OK
2024-10-29 12:06:49,706 WARN o.a.j.u.SSLManager: Keystore file not found, loading empty keystore
2024-10-29 12:06:50,652 INFO o.a.j.t.JMeterThread: Thread is done: API_Test 1-1
2024-10-29 12:06:50,652 INFO o.a.j.t.JMeterThread: Thread finished: API_Test 1-1
2024-10-29 12:06:50,667 INFO o.a.j.t.JMeterThread: Thread is done: Opscore Thread Group 2-1
2024-10-29 12:06:50,667 INFO o.a.j.t.JMeterThread: Thread finished: Opscore Thread Group 2-1
2024-10-29 12:06:53,109 INFO o.a.j.t.JMeterThread: Thread is done: Simulate Flight 3-8
2024-10-29 12:06:53,109 INFO o.a.j.t.JMeterThread: Thread finished: Simulate Flight 3-8
2024-10-29 12:06:53,125 INFO o.a.j.t.JMeterThread: Thread is done: Simulate Flight 3-22
2024-10-29 12:06:53,125 INFO o.a.j.t.JMeterThread: Thread finished: Simulate Flight 3-22
2024-10-29 12:06:53,125 INFO o.a.j.t.JMeterThread: Thread is done: Simulate Flight 3-29
2024-10-29 12:06:53,125 INFO o.a.j.t.JMeterThread: Thread is done: Simulate Flight 3-21
2024-10-29 12:06:53,125 INFO o.a.j.t.JMeterThread: Thread finished: Simulate Flight 3-29
2024-10-29 12:06:53,128 INFO o.a.j.t.JMeterThread: Thread finished: Simulate Flight 3-21
2024-10-29 12:06:53,125 INFO o.a.j.t.JMeterThread: Thread is done: Simulate Flight 3-27
2024-10-29 12:06:53,128 INFO o.a.j.t.JMeterThread: Thread finished: Simulate Flight 3-27
2024-10-29 12:06:53,129 INFO o.a.j.t.JMeterThread: Thread is done: Simulate Flight 3-17
2024-10-29 12:06:53,129 INFO o.a.j.t.JMeterThread: Thread finished: Simulate Flight 3-17
2024-10-29 12:06:53,129 INFO o.a.j.t.JMeterThread: Thread is done: Simulate Flight 3-23
2024-10-29 12:06:53,129 INFO o.a.j.t.JMeterThread: Thread finished: Simulate Flight 3-23
2024-10-29 12:06:53,129 INFO o.a.j.t.JMeterThread: Thread is done: Thread Group 4-1
2024-10-29 12:06:53,129 INFO o.a.j.t.JMeterThread: Thread is done: Simulate Flight 3-1
2024-10-29 12:06:53,130 INFO o.a.j.t.JMeterThread: Thread finished: Thread Group 4-1
2024-10-29 12:06:53,130 INFO o.a.j.t.JMeterThread: Thread is done: Simulate Flight 3-12
2024-10-29 12:06:53,130 INFO o.a.j.t.JMeterThread: Thread finished: Simulate Flight 3-1
2024-10-29 12:06:53,131 INFO o.a.j.t.JMeterThread: Thread finished: Simulate Flight 3-12
2024-10-29 12:06:53,131 INFO o.a.j.t.JMeterThread: Thread is done: Simulate Flight 3-24
2024-10-29 12:06:53,131 INFO o.a.j.t.JMeterThread: Thread finished: Simulate Flight 3-24
2024-10-29 12:06:53,131 INFO o.a.j.t.JMeterThread: Thread is done: Simulate Flight 3-10
2024-10-29 12:06:53,131 INFO o.a.j.t.JMeterThread: Thread finished: Simulate Flight 3-10
2024-10-29 12:06:53,150 INFO o.a.j.t.JMeterThread: Thread is done: Simulate Flight 3-4
2024-10-29 12:06:53,150 INFO o.a.j.t.JMeterThread: Thread is done: Simulate Flight 3-2
2024-10-29 12:06:53,150 INFO o.a.j.t.JMeterThread: Thread finished: Simulate Flight 3-2
2024-10-29 12:06:53,150 INFO o.a.j.t.JMeterThread: Thread is done: Simulate Flight 3-25
2024-10-29 12:06:53,150 INFO o.a.j.t.JMeterThread: Thread finished: Simulate Flight 3-4
2024-10-29 12:06:53,150 INFO o.a.j.t.JMeterThread: Thread finished: Simulate Flight 3-25
2024-10-29 12:06:53,151 INFO o.a.j.t.JMeterThread: Thread is done: Simulate Flight 3-19
2024-10-29 12:06:53,151 INFO o.a.j.t.JMeterThread: Thread finished: Simulate Flight 3-19
2024-10-29 12:06:53,151 INFO o.a.j.t.JMeterThread: Thread is done: Simulate Flight 3-28
2024-10-29 12:06:53,151 INFO o.a.j.t.JMeterThread: Thread finished: Simulate Flight 3-28
2024-10-29 12:06:53,151 INFO o.a.j.t.JMeterThread: Thread is done: Simulate Flight 3-6
2024-10-29 12:06:53,152 INFO o.a.j.t.JMeterThread: Thread finished: Simulate Flight 3-6
2024-10-29 12:06:53,152 INFO o.a.j.t.JMeterThread: Thread is done: Simulate Flight 3-14
2024-10-29 12:06:53,152 INFO o.a.j.t.JMeterThread: Thread is done: Simulate Flight 3-7
2024-10-29 12:06:53,152 INFO o.a.j.t.JMeterThread: Thread is done: Simulate Flight 3-3
2024-10-29 12:06:53,152 INFO o.a.j.t.JMeterThread: Thread finished: Simulate Flight 3-14
2024-10-29 12:06:53,152 INFO o.a.j.t.JMeterThread: Thread finished: Simulate Flight 3-7
2024-10-29 12:06:53,152 INFO o.a.j.t.JMeterThread: Thread finished: Simulate Flight 3-3
2024-10-29 12:06:53,152 INFO o.a.j.t.JMeterThread: Thread is done: Simulate Flight 3-16
2024-10-29 12:06:53,152 INFO o.a.j.t.JMeterThread: Thread finished: Simulate Flight 3-16
2024-10-29 12:06:53,152 INFO o.a.j.t.JMeterThread: Thread is done: Simulate Flight 3-18
2024-10-29 12:06:53,152 INFO o.a.j.t.JMeterThread: Thread finished: Simulate Flight 3-18
2024-10-29 12:06:53,165 INFO o.a.j.t.JMeterThread: Thread is done: Simulate Flight 3-30
2024-10-29 12:06:53,165 INFO o.a.j.t.JMeterThread: Thread is done: Simulate Flight 3-11
2024-10-29 12:06:53,165 INFO o.a.j.t.JMeterThread: Thread finished: Simulate Flight 3-30
2024-10-29 12:06:53,165 INFO o.a.j.t.JMeterThread: Thread is done: Simulate Flight 3-13
2024-10-29 12:06:53,165 INFO o.a.j.t.JMeterThread: Thread finished: Simulate Flight 3-11
2024-10-29 12:06:53,165 INFO o.a.j.t.JMeterThread: Thread is done: Simulate Flight 3-15
2024-10-29 12:06:53,165 INFO o.a.j.t.JMeterThread: Thread is done: Simulate Flight 3-20
2024-10-29 12:06:53,165 INFO o.a.j.t.JMeterThread: Thread finished: Simulate Flight 3-13
2024-10-29 12:06:53,165 INFO o.a.j.t.JMeterThread: Thread finished: Simulate Flight 3-15
2024-10-29 12:06:53,166 INFO o.a.j.t.JMeterThread: Thread is done: Simulate Flight 3-5
2024-10-29 12:06:53,166 INFO o.a.j.t.JMeterThread: Thread finished: Simulate Flight 3-5
2024-10-29 12:06:53,166 INFO o.a.j.t.JMeterThread: Thread finished: Simulate Flight 3-20
2024-10-29 12:06:53,167 INFO o.a.j.t.JMeterThread: Thread is done: Simulate Flight 3-9
2024-10-29 12:06:53,167 INFO o.a.j.t.JMeterThread: Thread finished: Simulate Flight 3-9
2024-10-29 12:06:53,167 INFO o.a.j.t.JMeterThread: Thread is done: Simulate Flight 3-26
2024-10-29 12:06:53,167 INFO o.a.j.t.JMeterThread: Thread finished: Simulate Flight 3-26
2024-10-29 12:06:53,167 INFO o.a.j.e.StandardJMeterEngine: Notifying test listeners of end of test
2024-10-29 12:06:53,167 INFO o.a.j.s.FileServer: Close: C:/Users/E40093330/Downloads/Book1.csv
2024-10-29 12:06:53,182 INFO o.a.j.g.u.JMeterMenuBar: setRunning(false, *local*)
2024-10-29 12:07:25,736 INFO o.a.j.e.StandardJMeterEngine: Running the test!
2024-10-29 12:07:25,736 INFO o.a.j.s.SampleEvent: List of sample_variables: []
2024-10-29 12:07:25,736 INFO o.a.j.g.u.JMeterMenuBar: setRunning(true, *local*)
2024-10-29 12:07:25,782 INFO o.a.j.e.StandardJMeterEngine: Starting ThreadGroup: 1 : API_Test
2024-10-29 12:07:25,782 INFO o.a.j.e.StandardJMeterEngine: Starting 1 threads for group API_Test.
2024-10-29 12:07:25,782 INFO o.a.j.e.StandardJMeterEngine: Thread will continue on error
2024-10-29 12:07:25,782 INFO o.a.j.t.ThreadGroup: Starting thread group... number=1 threads=1 ramp-up=0 delayedStart=false
2024-10-29 12:07:25,782 INFO o.a.j.t.ThreadGroup: Started thread group number 1
2024-10-29 12:07:25,782 INFO o.a.j.e.StandardJMeterEngine: Starting ThreadGroup: 2 : Opscore Thread Group
2024-10-29 12:07:25,782 INFO o.a.j.e.StandardJMeterEngine: Starting 1 threads for group Opscore Thread Group.
2024-10-29 12:07:25,782 INFO o.a.j.e.StandardJMeterEngine: Thread will continue on error
2024-10-29 12:07:25,782 INFO o.a.j.t.ThreadGroup: Starting thread group... number=2 threads=1 ramp-up=0 delayedStart=false
2024-10-29 12:07:25,782 INFO o.a.j.t.ThreadGroup: Started thread group number 2
2024-10-29 12:07:25,782 INFO o.a.j.e.StandardJMeterEngine: Starting ThreadGroup: 3 : Thread Group
2024-10-29 12:07:25,782 INFO o.a.j.e.StandardJMeterEngine: Starting 1 threads for group Thread Group.
2024-10-29 12:07:25,782 INFO o.a.j.e.StandardJMeterEngine: Thread will continue on error
2024-10-29 12:07:25,782 INFO o.a.j.t.ThreadGroup: Starting thread group... number=3 threads=1 ramp-up=1 delayedStart=false
2024-10-29 12:07:25,782 INFO o.a.j.t.ThreadGroup: Started thread group number 3
2024-10-29 12:07:25,782 INFO o.a.j.e.StandardJMeterEngine: All thread groups have been started
2024-10-29 12:07:25,782 INFO o.a.j.t.JMeterThread: Thread started: Opscore Thread Group 2-1
2024-10-29 12:07:25,782 INFO o.a.j.t.JMeterThread: Thread started: Thread Group 3-1
2024-10-29 12:07:25,782 INFO o.a.j.s.FileServer: Stored: C:/Users/E40093330/Downloads/Book1.csv
2024-10-29 12:07:25,782 INFO o.a.j.t.JMeterThread: Thread started: API_Test 1-1
2024-10-29 12:07:26,487 INFO o.a.j.t.JMeterThread: Thread is done: Thread Group 3-1
2024-10-29 12:07:26,487 INFO o.a.j.t.JMeterThread: Thread finished: Thread Group 3-1
2024-10-29 12:07:26,723 INFO o.a.j.t.JMeterThread: Thread is done: API_Test 1-1
2024-10-29 12:07:26,723 INFO o.a.j.t.JMeterThread: Thread finished: API_Test 1-1
2024-10-29 12:07:26,900 INFO o.a.j.t.JMeterThread: Thread is done: Opscore Thread Group 2-1
2024-10-29 12:07:26,900 INFO o.a.j.t.JMeterThread: Thread finished: Opscore Thread Group 2-1
2024-10-29 12:07:26,900 INFO o.a.j.e.StandardJMeterEngine: Notifying test listeners of end of test
2024-10-29 12:07:26,900 INFO o.a.j.s.FileServer: Close: C:/Users/E40093330/Downloads/Book1.csv
2024-10-29 12:07:26,900 INFO o.a.j.g.u.JMeterMenuBar: setRunning(false, *local*)
2024-10-29 12:08:21,842 INFO o.a.j.e.StandardJMeterEngine: Running the test!
2024-10-29 12:08:21,842 INFO o.a.j.s.SampleEvent: List of sample_variables: []
2024-10-29 12:08:21,842 INFO o.a.j.g.u.JMeterMenuBar: setRunning(true, *local*)
2024-10-29 12:08:21,874 INFO o.a.j.e.StandardJMeterEngine: Starting ThreadGroup: 1 : API_Test
2024-10-29 12:08:21,889 INFO o.a.j.e.StandardJMeterEngine: Starting 1 threads for group API_Test.
2024-10-29 12:08:21,889 INFO o.a.j.e.StandardJMeterEngine: Thread will continue on error
2024-10-29 12:08:21,890 INFO o.a.j.t.ThreadGroup: Starting thread group... number=1 threads=1 ramp-up=0 delayedStart=false
2024-10-29 12:08:21,890 INFO o.a.j.t.ThreadGroup: Started thread group number 1
2024-10-29 12:08:21,890 INFO o.a.j.e.StandardJMeterEngine: Starting ThreadGroup: 2 : Opscore Thread Group
2024-10-29 12:08:21,890 INFO o.a.j.e.StandardJMeterEngine: Starting 1 threads for group Opscore Thread Group.
2024-10-29 12:08:21,890 INFO o.a.j.e.StandardJMeterEngine: Thread will continue on error
2024-10-29 12:08:21,890 INFO o.a.j.t.ThreadGroup: Starting thread group... number=2 threads=1 ramp-up=0 delayedStart=false
2024-10-29 12:08:21,890 INFO o.a.j.t.ThreadGroup: Started thread group number 2
2024-10-29 12:08:21,890 INFO o.a.j.e.StandardJMeterEngine: Starting ThreadGroup: 3 : Thread Group
2024-10-29 12:08:21,890 INFO o.a.j.e.StandardJMeterEngine: Starting 1 threads for group Thread Group.
2024-10-29 12:08:21,890 INFO o.a.j.e.StandardJMeterEngine: Thread will continue on error
2024-10-29 12:08:21,890 INFO o.a.j.t.ThreadGroup: Starting thread group... number=3 threads=1 ramp-up=1 delayedStart=false
2024-10-29 12:08:21,890 INFO o.a.j.t.ThreadGroup: Started thread group number 3
2024-10-29 12:08:21,890 INFO o.a.j.t.JMeterThread: Thread started: Opscore Thread Group 2-1
2024-10-29 12:08:21,890 INFO o.a.j.e.StandardJMeterEngine: All thread groups have been started
2024-10-29 12:08:21,890 INFO o.a.j.t.JMeterThread: Thread started: API_Test 1-1
2024-10-29 12:08:21,892 INFO o.a.j.t.JMeterThread: Thread started: Thread Group 3-1
2024-10-29 12:08:21,892 INFO o.a.j.s.FileServer: Stored: C:/Users/E40093330/Downloads/Book1.csv
2024-10-29 12:08:22,632 INFO o.a.j.t.JMeterThread: Thread is done: Thread Group 3-1
2024-10-29 12:08:22,632 INFO o.a.j.t.JMeterThread: Thread finished: Thread Group 3-1
2024-10-29 12:08:22,808 INFO o.a.j.t.JMeterThread: Thread is done: API_Test 1-1
2024-10-29 12:08:22,808 INFO o.a.j.t.JMeterThread: Thread finished: API_Test 1-1
2024-10-29 12:08:22,808 INFO o.a.j.t.JMeterThread: Thread is done: Opscore Thread Group 2-1
2024-10-29 12:08:22,808 INFO o.a.j.t.JMeterThread: Thread finished: Opscore Thread Group 2-1
2024-10-29 12:08:22,808 INFO o.a.j.e.StandardJMeterEngine: Notifying test listeners of end of test
2024-10-29 12:08:22,820 INFO o.a.j.s.FileServer: Close: C:/Users/E40093330/Downloads/Book1.csv
2024-10-29 12:08:22,820 INFO o.a.j.g.u.JMeterMenuBar: setRunning(false, *local*)
2024-10-29 12:08:33,841 INFO o.a.j.e.StandardJMeterEngine: Running the test!
2024-10-29 12:08:33,841 INFO o.a.j.s.SampleEvent: List of sample_variables: []
2024-10-29 12:08:33,841 INFO o.a.j.g.u.JMeterMenuBar: setRunning(true, *local*)
2024-10-29 12:08:33,893 INFO o.a.j.e.StandardJMeterEngine: Starting ThreadGroup: 1 : API_Test
2024-10-29 12:08:33,893 INFO o.a.j.e.StandardJMeterEngine: Starting 1 threads for group API_Test.
2024-10-29 12:08:33,893 INFO o.a.j.e.StandardJMeterEngine: Thread will continue on error
2024-10-29 12:08:33,893 INFO o.a.j.t.ThreadGroup: Starting thread group... number=1 threads=1 ramp-up=0 delayedStart=false
2024-10-29 12:08:33,893 INFO o.a.j.t.ThreadGroup: Started thread group number 1
2024-10-29 12:08:33,893 INFO o.a.j.e.StandardJMeterEngine: Starting ThreadGroup: 2 : Opscore Thread Group
2024-10-29 12:08:33,893 INFO o.a.j.e.StandardJMeterEngine: Starting 1 threads for group Opscore Thread Group.
2024-10-29 12:08:33,893 INFO o.a.j.e.StandardJMeterEngine: Thread will continue on error
2024-10-29 12:08:33,893 INFO o.a.j.t.ThreadGroup: Starting thread group... number=2 threads=1 ramp-up=0 delayedStart=false
2024-10-29 12:08:33,893 INFO o.a.j.t.ThreadGroup: Started thread group number 2
2024-10-29 12:08:33,893 INFO o.a.j.e.StandardJMeterEngine: Starting ThreadGroup: 3 : Thread Group
2024-10-29 12:08:33,893 INFO o.a.j.e.StandardJMeterEngine: Starting 1 threads for group Thread Group.
2024-10-29 12:08:33,893 INFO o.a.j.e.StandardJMeterEngine: Thread will continue on error
2024-10-29 12:08:33,893 INFO o.a.j.t.ThreadGroup: Starting thread group... number=3 threads=1 ramp-up=1 delayedStart=false
2024-10-29 12:08:33,893 INFO o.a.j.t.ThreadGroup: Started thread group number 3
2024-10-29 12:08:33,893 INFO o.a.j.e.StandardJMeterEngine: All thread groups have been started
2024-10-29 12:08:33,893 INFO o.a.j.t.JMeterThread: Thread started: Thread Group 3-1
2024-10-29 12:08:33,893 INFO o.a.j.s.FileServer: Stored: C:/Users/E40093330/Downloads/Book1.csv
2024-10-29 12:08:33,893 INFO o.a.j.t.JMeterThread: Thread started: Opscore Thread Group 2-1
2024-10-29 12:08:33,893 INFO o.a.j.t.JMeterThread: Thread started: API_Test 1-1
2024-10-29 12:08:34,693 INFO o.a.j.t.JMeterThread: Thread is done: Thread Group 3-1
2024-10-29 12:08:34,693 INFO o.a.j.t.JMeterThread: Thread finished: Thread Group 3-1
2024-10-29 12:08:34,741 INFO o.a.j.t.JMeterThread: Thread is done: Opscore Thread Group 2-1
2024-10-29 12:08:34,741 INFO o.a.j.t.JMeterThread: Thread finished: Opscore Thread Group 2-1
2024-10-29 12:08:34,741 INFO o.a.j.t.JMeterThread: Thread is done: API_Test 1-1
2024-10-29 12:08:34,741 INFO o.a.j.t.JMeterThread: Thread finished: API_Test 1-1
2024-10-29 12:08:34,741 INFO o.a.j.e.StandardJMeterEngine: Notifying test listeners of end of test
2024-10-29 12:08:34,741 INFO o.a.j.s.FileServer: Close: C:/Users/E40093330/Downloads/Book1.csv
2024-10-29 12:08:34,741 INFO o.a.j.g.u.JMeterMenuBar: setRunning(false, *local*)
2024-10-29 12:09:55,582 INFO o.a.j.e.StandardJMeterEngine: Running the test!
2024-10-29 12:09:55,582 INFO o.a.j.s.SampleEvent: List of sample_variables: []
2024-10-29 12:09:55,582 INFO o.a.j.g.u.JMeterMenuBar: setRunning(true, *local*)
2024-10-29 12:09:55,654 INFO o.a.j.e.StandardJMeterEngine: Starting ThreadGroup: 1 : API_Test
2024-10-29 12:09:55,654 INFO o.a.j.e.StandardJMeterEngine: Starting 1 threads for group API_Test.
2024-10-29 12:09:55,654 INFO o.a.j.e.StandardJMeterEngine: Thread will continue on error
2024-10-29 12:09:55,654 INFO o.a.j.t.ThreadGroup: Starting thread group... number=1 threads=1 ramp-up=0 delayedStart=false
2024-10-29 12:09:55,669 INFO o.a.j.t.ThreadGroup: Started thread group number 1
2024-10-29 12:09:55,669 INFO o.a.j.e.StandardJMeterEngine: Starting ThreadGroup: 2 : Opscore Thread Group
2024-10-29 12:09:55,669 INFO o.a.j.e.StandardJMeterEngine: Starting 1 threads for group Opscore Thread Group.
2024-10-29 12:09:55,669 INFO o.a.j.e.StandardJMeterEngine: Thread will continue on error
2024-10-29 12:09:55,669 INFO o.a.j.t.ThreadGroup: Starting thread group... number=2 threads=1 ramp-up=0 delayedStart=false
2024-10-29 12:09:55,669 INFO o.a.j.t.ThreadGroup: Started thread group number 2
2024-10-29 12:09:55,669 INFO o.a.j.e.StandardJMeterEngine: Starting ThreadGroup: 3 : Thread Group
2024-10-29 12:09:55,669 INFO o.a.j.e.StandardJMeterEngine: Starting 1 threads for group Thread Group.
2024-10-29 12:09:55,669 INFO o.a.j.e.StandardJMeterEngine: Thread will continue on error
2024-10-29 12:09:55,669 INFO o.a.j.t.ThreadGroup: Starting thread group... number=3 threads=1 ramp-up=1 delayedStart=false
2024-10-29 12:09:55,669 INFO o.a.j.t.ThreadGroup: Started thread group number 3
2024-10-29 12:09:55,669 INFO o.a.j.e.StandardJMeterEngine: All thread groups have been started
2024-10-29 12:09:55,669 INFO o.a.j.t.JMeterThread: Thread started: Opscore Thread Group 2-1
2024-10-29 12:09:55,685 INFO o.a.j.t.JMeterThread: Thread started: Thread Group 3-1
2024-10-29 12:09:55,685 INFO o.a.j.t.JMeterThread: Thread started: API_Test 1-1
2024-10-29 12:09:55,685 INFO o.a.j.s.FileServer: Stored: C:/Users/E40093330/Downloads/Book1.csv
2024-10-29 12:09:56,294 INFO o.a.j.t.JMeterThread: Thread is done: Thread Group 3-1
2024-10-29 12:09:56,294 INFO o.a.j.t.JMeterThread: Thread finished: Thread Group 3-1
2024-10-29 12:09:56,531 INFO o.a.j.t.JMeterThread: Thread is done: API_Test 1-1
2024-10-29 12:09:56,531 INFO o.a.j.t.JMeterThread: Thread finished: API_Test 1-1
2024-10-29 12:09:56,540 INFO o.a.j.t.JMeterThread: Thread is done: Opscore Thread Group 2-1
2024-10-29 12:09:56,540 INFO o.a.j.t.JMeterThread: Thread finished: Opscore Thread Group 2-1
2024-10-29 12:09:56,540 INFO o.a.j.e.StandardJMeterEngine: Notifying test listeners of end of test
2024-10-29 12:09:56,540 INFO o.a.j.s.FileServer: Close: C:/Users/E40093330/Downloads/Book1.csv
2024-10-29 12:09:56,540 INFO o.a.j.g.u.JMeterMenuBar: setRunning(false, *local*)
2024-10-29 12:10:18,316 INFO o.a.j.e.StandardJMeterEngine: Running the test!
2024-10-29 12:10:18,316 INFO o.a.j.s.SampleEvent: List of sample_variables: []
2024-10-29 12:10:18,316 INFO o.a.j.g.u.JMeterMenuBar: setRunning(true, *local*)
2024-10-29 12:10:18,347 INFO o.a.j.e.StandardJMeterEngine: Starting ThreadGroup: 1 : API_Test
2024-10-29 12:10:18,347 INFO o.a.j.e.StandardJMeterEngine: Starting 1 threads for group API_Test.
2024-10-29 12:10:18,347 INFO o.a.j.e.StandardJMeterEngine: Thread will continue on error
2024-10-29 12:10:18,363 INFO o.a.j.t.ThreadGroup: Starting thread group... number=1 threads=1 ramp-up=0 delayedStart=false
2024-10-29 12:10:18,363 INFO o.a.j.t.ThreadGroup: Started thread group number 1
2024-10-29 12:10:18,363 INFO o.a.j.e.StandardJMeterEngine: Starting ThreadGroup: 2 : Opscore Thread Group
2024-10-29 12:10:18,363 INFO o.a.j.e.StandardJMeterEngine: Starting 1 threads for group Opscore Thread Group.
2024-10-29 12:10:18,363 INFO o.a.j.e.StandardJMeterEngine: Thread will continue on error
2024-10-29 12:10:18,363 INFO o.a.j.t.ThreadGroup: Starting thread group... number=2 threads=1 ramp-up=0 delayedStart=false
2024-10-29 12:10:18,363 INFO o.a.j.t.ThreadGroup: Started thread group number 2
2024-10-29 12:10:18,363 INFO o.a.j.e.StandardJMeterEngine: Starting ThreadGroup: 3 : Thread Group
2024-10-29 12:10:18,363 INFO o.a.j.e.StandardJMeterEngine: Starting 1 threads for group Thread Group.
2024-10-29 12:10:18,363 INFO o.a.j.e.StandardJMeterEngine: Thread will continue on error
2024-10-29 12:10:18,363 INFO o.a.j.t.ThreadGroup: Starting thread group... number=3 threads=1 ramp-up=1 delayedStart=false
2024-10-29 12:10:18,363 INFO o.a.j.t.ThreadGroup: Started thread group number 3
2024-10-29 12:10:18,363 INFO o.a.j.e.StandardJMeterEngine: All thread groups have been started
2024-10-29 12:10:18,363 INFO o.a.j.t.JMeterThread: Thread started: API_Test 1-1
2024-10-29 12:10:18,363 INFO o.a.j.t.JMeterThread: Thread started: Thread Group 3-1
2024-10-29 12:10:18,363 INFO o.a.j.s.FileServer: Stored: C:/Users/E40093330/Downloads/Book1.csv
2024-10-29 12:10:18,363 INFO o.a.j.t.JMeterThread: Thread started: Opscore Thread Group 2-1
2024-10-29 12:10:19,035 INFO o.a.j.t.JMeterThread: Thread is done: Thread Group 3-1
2024-10-29 12:10:19,035 INFO o.a.j.t.JMeterThread: Thread finished: Thread Group 3-1
2024-10-29 12:10:19,107 INFO o.a.j.t.JMeterThread: Thread is done: API_Test 1-1
2024-10-29 12:10:19,107 INFO o.a.j.t.JMeterThread: Thread finished: API_Test 1-1
2024-10-29 12:10:19,123 INFO o.a.j.t.JMeterThread: Thread is done: Opscore Thread Group 2-1
2024-10-29 12:10:19,123 INFO o.a.j.t.JMeterThread: Thread finished: Opscore Thread Group 2-1
2024-10-29 12:10:19,123 INFO o.a.j.e.StandardJMeterEngine: Notifying test listeners of end of test
2024-10-29 12:10:19,123 INFO o.a.j.s.FileServer: Close: C:/Users/E40093330/Downloads/Book1.csv
2024-10-29 12:10:19,123 INFO o.a.j.g.u.JMeterMenuBar: setRunning(false, *local*)
2024-10-29 12:10:39,898 INFO o.a.j.e.StandardJMeterEngine: Running the test!
2024-10-29 12:10:39,898 INFO o.a.j.s.SampleEvent: List of sample_variables: []
2024-10-29 12:10:39,898 INFO o.a.j.g.u.JMeterMenuBar: setRunning(true, *local*)
2024-10-29 12:10:39,932 INFO o.a.j.e.StandardJMeterEngine: Starting ThreadGroup: 1 : API_Test
2024-10-29 12:10:39,932 INFO o.a.j.e.StandardJMeterEngine: Starting 1 threads for group API_Test.
2024-10-29 12:10:39,932 INFO o.a.j.e.StandardJMeterEngine: Thread will continue on error
2024-10-29 12:10:39,932 INFO o.a.j.t.ThreadGroup: Starting thread group... number=1 threads=1 ramp-up=0 delayedStart=false
2024-10-29 12:10:39,932 INFO o.a.j.t.ThreadGroup: Started thread group number 1
2024-10-29 12:10:39,932 INFO o.a.j.e.StandardJMeterEngine: Starting ThreadGroup: 2 : Opscore Thread Group
2024-10-29 12:10:39,932 INFO o.a.j.e.StandardJMeterEngine: Starting 1 threads for group Opscore Thread Group.
2024-10-29 12:10:39,932 INFO o.a.j.e.StandardJMeterEngine: Thread will continue on error
2024-10-29 12:10:39,932 INFO o.a.j.t.ThreadGroup: Starting thread group... number=2 threads=1 ramp-up=0 delayedStart=false
2024-10-29 12:10:39,932 INFO o.a.j.t.JMeterThread: Thread started: API_Test 1-1
2024-10-29 12:10:39,932 INFO o.a.j.t.ThreadGroup: Started thread group number 2
2024-10-29 12:10:39,932 INFO o.a.j.e.StandardJMeterEngine: Starting ThreadGroup: 3 : Thread Group
2024-10-29 12:10:39,932 INFO o.a.j.e.StandardJMeterEngine: Starting 1 threads for group Thread Group.
2024-10-29 12:10:39,932 INFO o.a.j.e.StandardJMeterEngine: Thread will continue on error
2024-10-29 12:10:39,932 INFO o.a.j.t.ThreadGroup: Starting thread group... number=3 threads=1 ramp-up=1 delayedStart=false
2024-10-29 12:10:39,932 INFO o.a.j.t.JMeterThread: Thread started: Opscore Thread Group 2-1
2024-10-29 12:10:39,932 INFO o.a.j.t.ThreadGroup: Started thread group number 3
2024-10-29 12:10:39,932 INFO o.a.j.e.StandardJMeterEngine: All thread groups have been started
2024-10-29 12:10:39,932 INFO o.a.j.t.JMeterThread: Thread started: Thread Group 3-1
2024-10-29 12:10:39,932 INFO o.a.j.s.FileServer: Stored: C:/Users/E40093330/Downloads/Book1.csv
2024-10-29 12:10:40,853 INFO o.a.j.t.JMeterThread: Thread is done: Opscore Thread Group 2-1
2024-10-29 12:10:40,853 INFO o.a.j.t.JMeterThread: Thread finished: Opscore Thread Group 2-1
2024-10-29 12:10:40,853 INFO o.a.j.t.JMeterThread: Thread is done: API_Test 1-1
2024-10-29 12:10:40,853 INFO o.a.j.t.JMeterThread: Thread finished: API_Test 1-1
2024-10-29 12:10:43,285 INFO o.a.j.t.JMeterThread: Thread is done: Thread Group 3-1
2024-10-29 12:10:43,285 INFO o.a.j.t.JMeterThread: Thread finished: Thread Group 3-1
2024-10-29 12:10:43,285 INFO o.a.j.e.StandardJMeterEngine: Notifying test listeners of end of test
2024-10-29 12:10:43,285 INFO o.a.j.s.FileServer: Close: C:/Users/E40093330/Downloads/Book1.csv
2024-10-29 12:10:43,289 INFO o.a.j.g.u.JMeterMenuBar: setRunning(false, *local*)
